<?xml version="1.0" encoding="UTF-8"?>
<!-- Generated by org.testng.reporters.JUnitReportReporter -->
<testsuite skipped="0" hostname="SZ-QA01" name="defautpackage.NewTest" tests="1" failures="0" timestamp="20 Aug 2017 08:22:24 GMT" time="7.037" errors="0">
  <testcase name="SignUp" time="7.037" classname="defautpackage.NewTest"/>
</testsuite> <!-- defautpackage.NewTest -->
