<?xml version="1.0" encoding="UTF-8"?>
<!-- Generated by org.testng.reporters.JUnitReportReporter -->
<testsuite skipped="0" hostname="SZ-QA01" name="defautpackage.UKCompanyReg" tests="2" failures="0" timestamp="20 Aug 2017 10:56:18 GMT" time="12.230" errors="0">
  <testcase name="CompanyDetails" time="6.747" classname="defautpackage.UKCompanyReg"/>
  <testcase name="CompanyDetails" time="5.483" classname="defautpackage.UKCompanyReg"/>
</testsuite> <!-- defautpackage.UKCompanyReg -->
