<?xml version="1.0" encoding="UTF-8"?>
<!-- Generated by org.testng.reporters.JUnitReportReporter -->
<testsuite skipped="0" hostname="SZ-QA01" name="defautpackage.NonUKCompanyReg" tests="5" failures="0" timestamp="21 Aug 2017 05:44:17 GMT" time="44.834" errors="0">
  <testcase name="BankDetails" time="5.408" classname="defautpackage.NonUKCompanyReg"/>
  <testcase name="UBOForm" time="14.803" classname="defautpackage.NonUKCompanyReg"/>
  <testcase name="CompanyDetails" time="7.747" classname="defautpackage.NonUKCompanyReg"/>
  <testcase name="PrimaryContactDetails" time="5.177" classname="defautpackage.NonUKCompanyReg"/>
  <testcase name="AccountContactDetails" time="11.699" classname="defautpackage.NonUKCompanyReg"/>
</testsuite> <!-- defautpackage.NonUKCompanyReg -->
