<?xml version="1.0" encoding="UTF-8"?>
<!-- Generated by org.testng.reporters.JUnitReportReporter -->
<testsuite skipped="0" hostname="SZ-QA01" name="defautpackage.SellerRegistration" tests="2" failures="0" timestamp="21 Aug 2017 06:29:28 GMT" time="12.340" errors="0">
  <testcase name="Login" time="5.817" classname="defautpackage.SellerRegistration"/>
  <testcase name="SignUp" time="6.523" classname="defautpackage.SellerRegistration"/>
</testsuite> <!-- defautpackage.SellerRegistration -->
