<?xml version="1.0" encoding="UTF-8"?>
<!-- Generated by org.testng.reporters.JUnitReportReporter -->
<testsuite skipped="0" hostname="SZ-QA01" name="defautpackage.CompanyRegistration" tests="2" failures="0" timestamp="20 Aug 2017 11:20:08 GMT" time="14.398" errors="0">
  <testcase name="SignUp" time="9.602" classname="defautpackage.CompanyRegistration"/>
  <testcase name="Login" time="4.796" classname="defautpackage.CompanyRegistration"/>
</testsuite> <!-- defautpackage.CompanyRegistration -->
